Started at Sat Dec 03 01:55:31 UTC 2022
Processing buil_deploy
Offering buil_deploy to Project Build Discarder
Processing buil_deploy1
Offering buil_deploy1 to Project Build Discarder
Processing buildnew_deploynew
Offering buildnew_deploynew to Project Build Discarder
Processing Create_job
Offering Create_job to Project Build Discarder
Processing first_pipeline
Offering first_pipeline to Project Build Discarder
Processing job
Offering job to Project Build Discarder
Processing jobjob
Offering jobjob to Project Build Discarder
Processing Last job
Offering Last job to Project Build Discarder
Processing learning
Offering learning to Project Build Discarder
Processing mav_jen
Offering mav_jen to Project Build Discarder
Processing my_fifth_job
Offering my_fifth_job to Project Build Discarder
Processing my_fourth_job
Offering my_fourth_job to Project Build Discarder
Processing my_second_job
Offering my_second_job to Project Build Discarder
Processing New_job
Offering New_job to Project Build Discarder
Processing new_job_1
Offering new_job_1 to Project Build Discarder
Processing newjob
Offering newjob to Project Build Discarder
Processing pipeline declerative
Offering pipeline declerative to Project Build Discarder
Processing pipelinejob
Offering pipelinejob to Project Build Discarder
Processing seconds pipeline
Offering seconds pipeline to Project Build Discarder
Processing slave1job
Offering slave1job to Project Build Discarder
Processing Yashas_project
Offering Yashas_project to Project Build Discarder
Finished at Sat Dec 03 01:55:31 UTC 2022. 26ms
Started at Sat Dec 03 02:55:31 UTC 2022
Processing buil_deploy
Offering buil_deploy to Project Build Discarder
Processing buil_deploy1
Offering buil_deploy1 to Project Build Discarder
Processing buildnew_deploynew
Offering buildnew_deploynew to Project Build Discarder
Processing Create_job
Offering Create_job to Project Build Discarder
Processing first_pipeline
Offering first_pipeline to Project Build Discarder
Processing job
Offering job to Project Build Discarder
Processing jobjob
Offering jobjob to Project Build Discarder
Processing Last job
Offering Last job to Project Build Discarder
Processing learning
Offering learning to Project Build Discarder
Processing mav_jen
Offering mav_jen to Project Build Discarder
Processing my_fifth_job
Offering my_fifth_job to Project Build Discarder
Processing my_fourth_job
Offering my_fourth_job to Project Build Discarder
Processing my_second_job
Offering my_second_job to Project Build Discarder
Processing New_job
Offering New_job to Project Build Discarder
Processing new_job_1
Offering new_job_1 to Project Build Discarder
Processing newjob
Offering newjob to Project Build Discarder
Processing pipeline declerative
Offering pipeline declerative to Project Build Discarder
Processing pipelinejob
Offering pipelinejob to Project Build Discarder
Processing seconds pipeline
Offering seconds pipeline to Project Build Discarder
Processing slave1job
Offering slave1job to Project Build Discarder
Processing Yashas_project
Offering Yashas_project to Project Build Discarder
Finished at Sat Dec 03 02:55:31 UTC 2022. 3ms
Started at Sat Dec 03 03:55:31 UTC 2022
Processing buil_deploy
Offering buil_deploy to Project Build Discarder
Processing buil_deploy1
Offering buil_deploy1 to Project Build Discarder
Processing buildnew_deploynew
Offering buildnew_deploynew to Project Build Discarder
Processing Create_job
Offering Create_job to Project Build Discarder
Processing first_pipeline
Offering first_pipeline to Project Build Discarder
Processing job
Offering job to Project Build Discarder
Processing jobjob
Offering jobjob to Project Build Discarder
Processing Last job
Offering Last job to Project Build Discarder
Processing learning
Offering learning to Project Build Discarder
Processing mav_jen
Offering mav_jen to Project Build Discarder
Processing my_fifth_job
Offering my_fifth_job to Project Build Discarder
Processing my_fourth_job
Offering my_fourth_job to Project Build Discarder
Processing my_second_job
Offering my_second_job to Project Build Discarder
Processing New_job
Offering New_job to Project Build Discarder
Processing new_job_1
Offering new_job_1 to Project Build Discarder
Processing newjob
Offering newjob to Project Build Discarder
Processing pipeline declerative
Offering pipeline declerative to Project Build Discarder
Processing pipelinejob
Offering pipelinejob to Project Build Discarder
Processing seconds pipeline
Offering seconds pipeline to Project Build Discarder
Processing slave1job
Offering slave1job to Project Build Discarder
Processing Yashas_project
Offering Yashas_project to Project Build Discarder
Finished at Sat Dec 03 03:55:31 UTC 2022. 4ms
Started at Sat Dec 03 04:55:31 UTC 2022
Processing buil_deploy
Offering buil_deploy to Project Build Discarder
Processing buil_deploy1
Offering buil_deploy1 to Project Build Discarder
Processing buildnew_deploynew
Offering buildnew_deploynew to Project Build Discarder
Processing Create_job
Offering Create_job to Project Build Discarder
Processing first_pipeline
Offering first_pipeline to Project Build Discarder
Processing job
Offering job to Project Build Discarder
Processing jobjob
Offering jobjob to Project Build Discarder
Processing Last job
Offering Last job to Project Build Discarder
Processing learning
Offering learning to Project Build Discarder
Processing mav_jen
Offering mav_jen to Project Build Discarder
Processing my_fifth_job
Offering my_fifth_job to Project Build Discarder
Processing my_fourth_job
Offering my_fourth_job to Project Build Discarder
Processing my_second_job
Offering my_second_job to Project Build Discarder
Processing New_job
Offering New_job to Project Build Discarder
Processing new_job_1
Offering new_job_1 to Project Build Discarder
Processing newjob
Offering newjob to Project Build Discarder
Processing pipeline declerative
Offering pipeline declerative to Project Build Discarder
Processing pipelinejob
Offering pipelinejob to Project Build Discarder
Processing seconds pipeline
Offering seconds pipeline to Project Build Discarder
Processing slave1job
Offering slave1job to Project Build Discarder
Processing Yashas_project
Offering Yashas_project to Project Build Discarder
Finished at Sat Dec 03 04:55:31 UTC 2022. 2ms
Started at Sat Dec 03 05:55:31 UTC 2022
Processing buil_deploy
Offering buil_deploy to Project Build Discarder
Processing buil_deploy1
Offering buil_deploy1 to Project Build Discarder
Processing buildnew_deploynew
Offering buildnew_deploynew to Project Build Discarder
Processing Create_job
Offering Create_job to Project Build Discarder
Processing first_pipeline
Offering first_pipeline to Project Build Discarder
Processing job
Offering job to Project Build Discarder
Processing jobjob
Offering jobjob to Project Build Discarder
Processing Last job
Offering Last job to Project Build Discarder
Processing learning
Offering learning to Project Build Discarder
Processing mav_jen
Offering mav_jen to Project Build Discarder
Processing my_fifth_job
Offering my_fifth_job to Project Build Discarder
Processing my_fourth_job
Offering my_fourth_job to Project Build Discarder
Processing my_second_job
Offering my_second_job to Project Build Discarder
Processing New_job
Offering New_job to Project Build Discarder
Processing new_job_1
Offering new_job_1 to Project Build Discarder
Processing newjob
Offering newjob to Project Build Discarder
Processing pipeline declerative
Offering pipeline declerative to Project Build Discarder
Processing pipelinejob
Offering pipelinejob to Project Build Discarder
Processing seconds pipeline
Offering seconds pipeline to Project Build Discarder
Processing slave1job
Offering slave1job to Project Build Discarder
Processing Yashas_project
Offering Yashas_project to Project Build Discarder
Finished at Sat Dec 03 05:55:31 UTC 2022. 2ms
Started at Sat Dec 03 06:55:31 UTC 2022
Processing buil_deploy
Offering buil_deploy to Project Build Discarder
Processing buil_deploy1
Offering buil_deploy1 to Project Build Discarder
Processing buildnew_deploynew
Offering buildnew_deploynew to Project Build Discarder
Processing Create_job
Offering Create_job to Project Build Discarder
Processing first_pipeline
Offering first_pipeline to Project Build Discarder
Processing job
Offering job to Project Build Discarder
Processing jobjob
Offering jobjob to Project Build Discarder
Processing Last job
Offering Last job to Project Build Discarder
Processing learning
Offering learning to Project Build Discarder
Processing mav_jen
Offering mav_jen to Project Build Discarder
Processing my_fifth_job
Offering my_fifth_job to Project Build Discarder
Processing my_fourth_job
Offering my_fourth_job to Project Build Discarder
Processing my_second_job
Offering my_second_job to Project Build Discarder
Processing New_job
Offering New_job to Project Build Discarder
Processing new_job_1
Offering new_job_1 to Project Build Discarder
Processing newjob
Offering newjob to Project Build Discarder
Processing pipeline declerative
Offering pipeline declerative to Project Build Discarder
Processing pipelinejob
Offering pipelinejob to Project Build Discarder
Processing seconds pipeline
Offering seconds pipeline to Project Build Discarder
Processing slave1job
Offering slave1job to Project Build Discarder
Processing Yashas_project
Offering Yashas_project to Project Build Discarder
Finished at Sat Dec 03 06:55:31 UTC 2022. 2ms
Started at Sat Dec 03 07:55:31 UTC 2022
Processing buil_deploy
Offering buil_deploy to Project Build Discarder
Processing buil_deploy1
Offering buil_deploy1 to Project Build Discarder
Processing buildnew_deploynew
Offering buildnew_deploynew to Project Build Discarder
Processing Create_job
Offering Create_job to Project Build Discarder
Processing first_pipeline
Offering first_pipeline to Project Build Discarder
Processing job
Offering job to Project Build Discarder
Processing jobjob
Offering jobjob to Project Build Discarder
Processing Last job
Offering Last job to Project Build Discarder
Processing learning
Offering learning to Project Build Discarder
Processing mav_jen
Offering mav_jen to Project Build Discarder
Processing my_fifth_job
Offering my_fifth_job to Project Build Discarder
Processing my_fourth_job
Offering my_fourth_job to Project Build Discarder
Processing my_second_job
Offering my_second_job to Project Build Discarder
Processing New_job
Offering New_job to Project Build Discarder
Processing new_job_1
Offering new_job_1 to Project Build Discarder
Processing newjob
Offering newjob to Project Build Discarder
Processing pipeline declerative
Offering pipeline declerative to Project Build Discarder
Processing pipelinejob
Offering pipelinejob to Project Build Discarder
Processing seconds pipeline
Offering seconds pipeline to Project Build Discarder
Processing slave1job
Offering slave1job to Project Build Discarder
Processing Yashas_project
Offering Yashas_project to Project Build Discarder
Finished at Sat Dec 03 07:55:31 UTC 2022. 7ms
Started at Sat Dec 03 08:55:31 UTC 2022
Processing buil_deploy
Offering buil_deploy to Project Build Discarder
Processing buil_deploy1
Offering buil_deploy1 to Project Build Discarder
Processing buildnew_deploynew
Offering buildnew_deploynew to Project Build Discarder
Processing Create_job
Offering Create_job to Project Build Discarder
Processing first_pipeline
Offering first_pipeline to Project Build Discarder
Processing job
Offering job to Project Build Discarder
Processing jobjob
Offering jobjob to Project Build Discarder
Processing Last job
Offering Last job to Project Build Discarder
Processing learning
Offering learning to Project Build Discarder
Processing mav_jen
Offering mav_jen to Project Build Discarder
Processing my_fifth_job
Offering my_fifth_job to Project Build Discarder
Processing my_fourth_job
Offering my_fourth_job to Project Build Discarder
Processing my_second_job
Offering my_second_job to Project Build Discarder
Processing New_job
Offering New_job to Project Build Discarder
Processing new_job_1
Offering new_job_1 to Project Build Discarder
Processing newjob
Offering newjob to Project Build Discarder
Processing pipeline declerative
Offering pipeline declerative to Project Build Discarder
Processing pipelinejob
Offering pipelinejob to Project Build Discarder
Processing seconds pipeline
Offering seconds pipeline to Project Build Discarder
Processing slave1job
Offering slave1job to Project Build Discarder
Processing Yashas_project
Offering Yashas_project to Project Build Discarder
Finished at Sat Dec 03 08:55:31 UTC 2022. 2ms
Started at Sat Dec 03 09:55:31 UTC 2022
Processing buil_deploy
Offering buil_deploy to Project Build Discarder
Processing buil_deploy1
Offering buil_deploy1 to Project Build Discarder
Processing buildnew_deploynew
Offering buildnew_deploynew to Project Build Discarder
Processing Create_job
Offering Create_job to Project Build Discarder
Processing first_pipeline
Offering first_pipeline to Project Build Discarder
Processing job
Offering job to Project Build Discarder
Processing jobjob
Offering jobjob to Project Build Discarder
Processing Last job
Offering Last job to Project Build Discarder
Processing learning
Offering learning to Project Build Discarder
Processing mav_jen
Offering mav_jen to Project Build Discarder
Processing my_fifth_job
Offering my_fifth_job to Project Build Discarder
Processing my_fourth_job
Offering my_fourth_job to Project Build Discarder
Processing my_second_job
Offering my_second_job to Project Build Discarder
Processing New_job
Offering New_job to Project Build Discarder
Processing new_job_1
Offering new_job_1 to Project Build Discarder
Processing newjob
Offering newjob to Project Build Discarder
Processing pipeline declerative
Offering pipeline declerative to Project Build Discarder
Processing pipelinejob
Offering pipelinejob to Project Build Discarder
Processing seconds pipeline
Offering seconds pipeline to Project Build Discarder
Processing slave1job
Offering slave1job to Project Build Discarder
Processing Yashas_project
Offering Yashas_project to Project Build Discarder
Finished at Sat Dec 03 09:55:31 UTC 2022. 2ms
Started at Sat Dec 03 10:55:31 UTC 2022
Processing buil_deploy
Offering buil_deploy to Project Build Discarder
Processing buil_deploy1
Offering buil_deploy1 to Project Build Discarder
Processing buildnew_deploynew
Offering buildnew_deploynew to Project Build Discarder
Processing Create_job
Offering Create_job to Project Build Discarder
Processing first_pipeline
Offering first_pipeline to Project Build Discarder
Processing job
Offering job to Project Build Discarder
Processing jobjob
Offering jobjob to Project Build Discarder
Processing Last job
Offering Last job to Project Build Discarder
Processing learning
Offering learning to Project Build Discarder
Processing mav_jen
Offering mav_jen to Project Build Discarder
Processing my_fifth_job
Offering my_fifth_job to Project Build Discarder
Processing my_fourth_job
Offering my_fourth_job to Project Build Discarder
Processing my_second_job
Offering my_second_job to Project Build Discarder
Processing New_job
Offering New_job to Project Build Discarder
Processing new_job_1
Offering new_job_1 to Project Build Discarder
Processing newjob
Offering newjob to Project Build Discarder
Processing pipeline declerative
Offering pipeline declerative to Project Build Discarder
Processing pipelinejob
Offering pipelinejob to Project Build Discarder
Processing seconds pipeline
Offering seconds pipeline to Project Build Discarder
Processing slave1job
Offering slave1job to Project Build Discarder
Processing Yashas_project
Offering Yashas_project to Project Build Discarder
Finished at Sat Dec 03 10:55:31 UTC 2022. 5ms
Started at Sat Dec 03 11:55:31 UTC 2022
Processing buil_deploy
Offering buil_deploy to Project Build Discarder
Processing buil_deploy1
Offering buil_deploy1 to Project Build Discarder
Processing buildnew_deploynew
Offering buildnew_deploynew to Project Build Discarder
Processing Create_job
Offering Create_job to Project Build Discarder
Processing first_pipeline
Offering first_pipeline to Project Build Discarder
Processing job
Offering job to Project Build Discarder
Processing jobjob
Offering jobjob to Project Build Discarder
Processing Last job
Offering Last job to Project Build Discarder
Processing learning
Offering learning to Project Build Discarder
Processing mav_jen
Offering mav_jen to Project Build Discarder
Processing my_fifth_job
Offering my_fifth_job to Project Build Discarder
Processing my_fourth_job
Offering my_fourth_job to Project Build Discarder
Processing my_second_job
Offering my_second_job to Project Build Discarder
Processing New_job
Offering New_job to Project Build Discarder
Processing new_job_1
Offering new_job_1 to Project Build Discarder
Processing newjob
Offering newjob to Project Build Discarder
Processing pipeline declerative
Offering pipeline declerative to Project Build Discarder
Processing pipelinejob
Offering pipelinejob to Project Build Discarder
Processing seconds pipeline
Offering seconds pipeline to Project Build Discarder
Processing slave1job
Offering slave1job to Project Build Discarder
Processing Yashas_project
Offering Yashas_project to Project Build Discarder
Finished at Sat Dec 03 11:55:31 UTC 2022. 2ms
Started at Sat Dec 03 12:55:31 UTC 2022
Processing buil_deploy
Offering buil_deploy to Project Build Discarder
Processing buil_deploy1
Offering buil_deploy1 to Project Build Discarder
Processing buildnew_deploynew
Offering buildnew_deploynew to Project Build Discarder
Processing Create_job
Offering Create_job to Project Build Discarder
Processing first_pipeline
Offering first_pipeline to Project Build Discarder
Processing job
Offering job to Project Build Discarder
Processing jobjob
Offering jobjob to Project Build Discarder
Processing Last job
Offering Last job to Project Build Discarder
Processing learning
Offering learning to Project Build Discarder
Processing mav_jen
Offering mav_jen to Project Build Discarder
Processing my_fifth_job
Offering my_fifth_job to Project Build Discarder
Processing my_fourth_job
Offering my_fourth_job to Project Build Discarder
Processing my_second_job
Offering my_second_job to Project Build Discarder
Processing New_job
Offering New_job to Project Build Discarder
Processing new_job_1
Offering new_job_1 to Project Build Discarder
Processing newjob
Offering newjob to Project Build Discarder
Processing pipeline declerative
Offering pipeline declerative to Project Build Discarder
Processing pipelinejob
Offering pipelinejob to Project Build Discarder
Processing seconds pipeline
Offering seconds pipeline to Project Build Discarder
Processing slave1job
Offering slave1job to Project Build Discarder
Processing Yashas_project
Offering Yashas_project to Project Build Discarder
Finished at Sat Dec 03 12:55:31 UTC 2022. 3ms
Started at Sat Dec 03 13:55:31 UTC 2022
Processing buil_deploy
Offering buil_deploy to Project Build Discarder
Processing buil_deploy1
Offering buil_deploy1 to Project Build Discarder
Processing buildnew_deploynew
Offering buildnew_deploynew to Project Build Discarder
Processing Create_job
Offering Create_job to Project Build Discarder
Processing first_pipeline
Offering first_pipeline to Project Build Discarder
Processing job
Offering job to Project Build Discarder
Processing jobjob
Offering jobjob to Project Build Discarder
Processing Last job
Offering Last job to Project Build Discarder
Processing learning
Offering learning to Project Build Discarder
Processing mav_jen
Offering mav_jen to Project Build Discarder
Processing my_fifth_job
Offering my_fifth_job to Project Build Discarder
Processing my_fourth_job
Offering my_fourth_job to Project Build Discarder
Processing my_second_job
Offering my_second_job to Project Build Discarder
Processing New_job
Offering New_job to Project Build Discarder
Processing new_job_1
Offering new_job_1 to Project Build Discarder
Processing newjob
Offering newjob to Project Build Discarder
Processing pipeline declerative
Offering pipeline declerative to Project Build Discarder
Processing pipelinejob
Offering pipelinejob to Project Build Discarder
Processing seconds pipeline
Offering seconds pipeline to Project Build Discarder
Processing slave1job
Offering slave1job to Project Build Discarder
Processing Yashas_project
Offering Yashas_project to Project Build Discarder
Finished at Sat Dec 03 13:55:31 UTC 2022. 6ms
