Started at Sat Dec 03 14:17:29 UTC 2022
Checking buil_deploy
Checking buil_deploy1
Checking buildnew_deploynew
Checking Create_job
Checking first_pipeline
Checking job
Checking jobjob
Checking Last job
Checking learning
Checking mav_jen
Checking my_fifth_job
Checking my_fourth_job
Checking my_second_job
Checking New_job
Checking new_job_1
Checking newjob
Checking pipeline declerative
Checking pipelinejob
Checking seconds pipeline
Checking slave1job
Checking Yashas_project
Finished at Sat Dec 03 14:17:29 UTC 2022. 13ms
